<?xml version="1.0" encoding="UTF-8"?>
<Site BuildName="Generic-gmake"
	BuildStamp="20230208-1537-Experimental"
	Name="fedora"
	Generator="ctest-3.25.2"
	CompilerName="/usr/bin/c++"
	CompilerVersion="12.2.1"
	OSName="Linux"
	Hostname="fedora"
	OSRelease="6.1.9-100.fc36.x86_64"
	OSVersion="#1 SMP PREEMPT_DYNAMIC Thu Feb  2 03:27:13 UTC 2023"
	OSPlatform="x86_64"
	Is64Bits="1"
	VendorString="GenuineIntel"
	VendorID="Intel Corporation"
	FamilyID="6"
	ModelID="142"
	ProcessorCacheSize="3072"
	NumberOfLogicalCPU="4"
	NumberOfPhysicalCPU="2"
	TotalVirtualMemory="13390"
	TotalPhysicalMemory="6391"
	LogicalProcessorsPerPhysical="2"
	ProcessorClockFrequency="3100.12"
	>
	<CoverageLog>
		<StartDateTime>Feb 08 10:37 EST</StartDateTime>
		<StartTime>1675870677</StartTime>
		<File Name="OrionTests.cpp" FullPath="./test/OrionTests.cpp">
			<Report>
				<Line Number="0" Count="-1">/***********************************************************************</Line>
				<Line Number="1" Count="-1"> * Contents : Contains the main function executed automatically by</Line>
				<Line Number="2" Count="-1"> *            CppUTest.</Line>
				<Line Number="3" Count="-1"> *</Line>
				<Line Number="4" Count="-1"> * Author   : Dawid Blom.</Line>
				<Line Number="5" Count="-1"> *</Line>
				<Line Number="6" Count="-1"> * Date     : 13/09/2022</Line>
				<Line Number="7" Count="-1"> *</Line>
				<Line Number="8" Count="-1"> * NOTE     : This file is exclusively to be used by CppUTest since it</Line>
				<Line Number="9" Count="-1"> *            will automatically execute it.</Line>
				<Line Number="10" Count="-1"> ***********************************************************************/</Line>
				<Line Number="11" Count="-1"></Line>
				<Line Number="12" Count="-1">#include "CppUTest/CommandLineTestRunner.h"</Line>
				<Line Number="13" Count="-1"></Line>
				<Line Number="14" Count="-1"></Line>
				<Line Number="15" Count="-1"></Line>
				<Line Number="16" Count="-1"></Line>
				<Line Number="17" Count="-1"></Line>
				<Line Number="18" Count="-1"></Line>
				<Line Number="19" Count="-1"></Line>
				<Line Number="20" Count="-1"></Line>
				<Line Number="21" Count="1">int main(int argc, char **argv)</Line>
				<Line Number="22" Count="-1">{</Line>
				<Line Number="23" Count="1">    return CommandLineTestRunner::RunAllTests(argc, argv);</Line>
				<Line Number="24" Count="-1">}</Line>
			</Report>
		</File>
		<File Name="template_test.cpp" FullPath="./test/tests/template_test.cpp">
			<Report>
				<Line Number="0" Count="-1">/***********************************************************************</Line>
				<Line Number="1" Count="-1"> * Contents : Contains the template/example of how to write tests with</Line>
				<Line Number="2" Count="-1"> *            CppUTest.</Line>
				<Line Number="3" Count="-1"> *</Line>
				<Line Number="4" Count="-1"> * Author   : Dawid Blom.</Line>
				<Line Number="5" Count="-1"> *</Line>
				<Line Number="6" Count="-1"> * Date     : 13/09/2022</Line>
				<Line Number="7" Count="-1"> *</Line>
				<Line Number="8" Count="-1"> * NOTE     : This file should be used as a template on how to write</Line>
				<Line Number="9" Count="-1"> *            starter code for CppUTest and how to place includes to</Line>
				<Line Number="10" Count="-1"> *            prevent issues regarding the operator new oveloaded </Line>
				<Line Number="11" Count="-1"> *            version of CppUTest and the STL library from C++</Line>
				<Line Number="12" Count="-1"> ***********************************************************************/</Line>
				<Line Number="13" Count="-1"></Line>
				<Line Number="14" Count="-1"></Line>
				<Line Number="15" Count="-1"></Line>
				<Line Number="16" Count="-1">/*************************************</Line>
				<Line Number="17" Count="-1"> * INCLUDE STL LIBRARY INCLUDES HERE</Line>
				<Line Number="18" Count="-1"> *</Line>
				<Line Number="19" Count="-1"> * EXAMPLE BELOW</Line>
				<Line Number="20" Count="-1"> *************************************/</Line>
				<Line Number="21" Count="-1">//#include &lt;array&gt;</Line>
				<Line Number="22" Count="-1"></Line>
				<Line Number="23" Count="-1"></Line>
				<Line Number="24" Count="-1"></Line>
				<Line Number="25" Count="-1"></Line>
				<Line Number="26" Count="-1"></Line>
				<Line Number="27" Count="-1"></Line>
				<Line Number="28" Count="-1">/*************************************</Line>
				<Line Number="29" Count="-1"> * INCLUDE CPPUTEST HEADER FILES HERE</Line>
				<Line Number="30" Count="-1"> *</Line>
				<Line Number="31" Count="-1"> * EXAMPLE BELOW</Line>
				<Line Number="32" Count="-1"> *************************************/</Line>
				<Line Number="33" Count="-1">#include "CppUTest/TestHarness.h"</Line>
				<Line Number="34" Count="-1"></Line>
				<Line Number="35" Count="-1">#include "CppUTestExt/MockSupport.h"</Line>
				<Line Number="36" Count="-1"></Line>
				<Line Number="37" Count="-1">#include "CppUTestExt/MockSupport_c.h"</Line>
				<Line Number="38" Count="-1"></Line>
				<Line Number="39" Count="-1"></Line>
				<Line Number="40" Count="-1"></Line>
				<Line Number="41" Count="-1"></Line>
				<Line Number="42" Count="-1"></Line>
				<Line Number="43" Count="-1"></Line>
				<Line Number="44" Count="-1">/*************************************</Line>
				<Line Number="45" Count="-1"> * INCLUDE SELF DEFINEDHEADER FILES </Line>
				<Line Number="46" Count="-1"> * HERE, IF THEY DO NOT CONTAIN ANY</Line>
				<Line Number="47" Count="-1"> * STL LIBRARY INCLUDES</Line>
				<Line Number="48" Count="-1"> *</Line>
				<Line Number="49" Count="-1"> * EXAMPLE BELOW</Line>
				<Line Number="50" Count="-1"> *************************************/</Line>
				<Line Number="51" Count="-1">//#include "exmpale_include.hpp"</Line>
				<Line Number="52" Count="-1"></Line>
				<Line Number="53" Count="-1"></Line>
				<Line Number="54" Count="-1"></Line>
				<Line Number="55" Count="-1"></Line>
				<Line Number="56" Count="-1"></Line>
				<Line Number="57" Count="-1"></Line>
				<Line Number="58" Count="-1">/*************************************</Line>
				<Line Number="59" Count="-1"> * INCLUDE C HEADER FILES HERE</Line>
				<Line Number="60" Count="-1"> *</Line>
				<Line Number="61" Count="-1"> * EXAMPLE BELOW</Line>
				<Line Number="62" Count="-1"> *</Line>
				<Line Number="63" Count="-1"> *</Line>
				<Line Number="64" Count="-1"> * extern "C" </Line>
				<Line Number="65" Count="-1"> * {</Line>
				<Line Number="66" Count="-1"> *    #include "example_include.h";</Line>
				<Line Number="67" Count="-1"> * }</Line>
				<Line Number="68" Count="-1"> * ***********************************/</Line>
				<Line Number="69" Count="-1"></Line>
				<Line Number="70" Count="-1"></Line>
				<Line Number="71" Count="-1"></Line>
				<Line Number="72" Count="-1"></Line>
				<Line Number="73" Count="-1"></Line>
				<Line Number="74" Count="-1"></Line>
				<Line Number="75" Count="-1"></Line>
				<Line Number="76" Count="-1"></Line>
				<Line Number="77" Count="-1"></Line>
				<Line Number="78" Count="-1"></Line>
				<Line Number="79" Count="-1"></Line>
				<Line Number="80" Count="-1">/*************************************</Line>
				<Line Number="81" Count="-1"> * CREATING THE TEST GROUP, WHICH IS </Line>
				<Line Number="82" Count="-1"> * THE STARTING POINT OF THE TEST</Line>
				<Line Number="83" Count="-1"> *</Line>
				<Line Number="84" Count="-1"> * EXAMPLE BELOW</Line>
				<Line Number="85" Count="-1"> *************************************/</Line>
				<Line Number="86" Count="-1"></Line>
				<Line Number="87" Count="-1">TEST_GROUP(example_test)</Line>
				<Line Number="88" Count="-1">{</Line>
				<Line Number="89" Count="1">    void setup()</Line>
				<Line Number="90" Count="-1">    {</Line>
				<Line Number="91" Count="-1">        // Initialization code go here. </Line>
				<Line Number="92" Count="1">    }</Line>
				<Line Number="93" Count="-1"></Line>
				<Line Number="94" Count="1">    void teardown()</Line>
				<Line Number="95" Count="-1">    {</Line>
				<Line Number="96" Count="-1">        // Uninitialization code go here.</Line>
				<Line Number="97" Count="1">    }</Line>
				<Line Number="98" Count="-1">};</Line>
				<Line Number="99" Count="-1"></Line>
				<Line Number="100" Count="-1"></Line>
				<Line Number="101" Count="-1"></Line>
				<Line Number="102" Count="-1"></Line>
				<Line Number="103" Count="-1">/*******************************************************</Line>
				<Line Number="104" Count="-1"> * DESCRIPTION OF A TEST </Line>
				<Line Number="105" Count="-1"> *</Line>
				<Line Number="106" Count="-1"> * TEST(TEST_GROUP_DEFINED_ABOVE, TEST_DESCRIPTION/NAME)</Line>
				<Line Number="107" Count="-1"> * {</Line>
				<Line Number="108" Count="-1"> *      TEST_CODE GO HERE</Line>
				<Line Number="109" Count="-1"> * }</Line>
				<Line Number="110" Count="-1"> *******************************************************/</Line>
				<Line Number="111" Count="-1"></Line>
				<Line Number="112" Count="-1"></Line>
				<Line Number="113" Count="-1"></Line>
				<Line Number="114" Count="-1"></Line>
				<Line Number="115" Count="6">TEST(example_test, example_fail)</Line>
				<Line Number="116" Count="-1">{ </Line>
				<Line Number="117" Count="2">    CHECK_EQUAL(1, 1);</Line>
				<Line Number="118" Count="2">}</Line>
				<Line Number="119" Count="-1"></Line>
			</Report>
		</File>
		<EndDateTime>Feb 08 10:37 EST</EndDateTime>
		<EndTime>1675870677</EndTime>
	</CoverageLog>
</Site>
