<?xml version="1.0" encoding="UTF-8"?>
<Site BuildName="Generic-gmake"
	BuildStamp="20230208-1537-Experimental"
	Name="fedora"
	Generator="ctest-3.25.2"
	CompilerName="/usr/bin/c++"
	CompilerVersion="12.2.1"
	OSName="Linux"
	Hostname="fedora"
	OSRelease="6.1.9-100.fc36.x86_64"
	OSVersion="#1 SMP PREEMPT_DYNAMIC Thu Feb  2 03:27:13 UTC 2023"
	OSPlatform="x86_64"
	Is64Bits="1"
	VendorString="GenuineIntel"
	VendorID="Intel Corporation"
	FamilyID="6"
	ModelID="142"
	ProcessorCacheSize="3072"
	NumberOfLogicalCPU="4"
	NumberOfPhysicalCPU="2"
	TotalVirtualMemory="13390"
	TotalPhysicalMemory="6391"
	LogicalProcessorsPerPhysical="2"
	ProcessorClockFrequency="3101.35"
	>
	<Testing>
		<StartDateTime>Feb 08 10:37 EST</StartDateTime>
		<StartTestTime>1675870677</StartTestTime>
		<TestList>
			<Test>./test/CodeCoverage</Test>
		</TestList>
		<Test Status="passed">
			<Name>CodeCoverage</Name>
			<Path>./test</Path>
			<FullName>./test/CodeCoverage</FullName>
			<FullCommandLine>/home/odin/workspace/WorkCICD/build/codeCoverage/test/CodeCoverage</FullCommandLine>
			<Results>
				<NamedMeasurement type="numeric/double" name="Execution Time">
					<Value>0.00252234</Value>
				</NamedMeasurement>
				<NamedMeasurement type="numeric/double" name="Processors">
					<Value>1</Value>
				</NamedMeasurement>
				<NamedMeasurement type="text/string" name="Completion Status">
					<Value>Completed</Value>
				</NamedMeasurement>
				<NamedMeasurement type="text/string" name="Command Line">
					<Value>/home/odin/workspace/WorkCICD/build/codeCoverage/test/CodeCoverage</Value>
				</NamedMeasurement>
				<NamedMeasurement type="text/string" name="Environment">
					<Value>#CTEST_RESOURCE_GROUP_COUNT=</Value>
				</NamedMeasurement>
				<Measurement>
					<Value>.
OK (1 tests, 1 ran, 1 checks, 0 ignored, 0 filtered out, 0 ms)

</Value>
				</Measurement>
			</Results>
		</Test>
		<EndDateTime>Feb 08 10:37 EST</EndDateTime>
		<EndTestTime>1675870677</EndTestTime>
		<ElapsedMinutes>0</ElapsedMinutes>
	</Testing>
</Site>
