TN:
SF:/home/odin/workspace/WorkCICD/test/OrionTests.cpp
FN:22,main
FNDA:1,main
FNF:1
FNH:1
DA:22,1
DA:24,1
LF:2
LH:2
end_of_record
TN:
SF:/home/odin/workspace/WorkCICD/test/tests/template_test.cpp
FN:90,_ZN36TEST_GROUP_CppUTestGroupexample_test5setupEv
FN:95,_ZN36TEST_GROUP_CppUTestGroupexample_test8teardownEv
FN:116,_ZN40TEST_example_test_example_fail_TestShell10createTestEv
FN:116,_ZN35TEST_example_test_example_fail_TestC2Ev
FN:116,_ZN35TEST_example_test_example_fail_Test8testBodyEv
FNDA:1,_ZN36TEST_GROUP_CppUTestGroupexample_test8teardownEv
FNDA:1,_ZN36TEST_GROUP_CppUTestGroupexample_test5setupEv
FNDA:1,_ZN35TEST_example_test_example_fail_Test8testBodyEv
FNDA:1,_ZN35TEST_example_test_example_fail_TestC2Ev
FNDA:1,_ZN40TEST_example_test_example_fail_TestShell10createTestEv
FNF:5
FNH:5
BRDA:116,0,0,1
BRDA:116,0,1,0
BRDA:116,0,2,0
BRDA:116,0,3,0
BRF:4
BRH:1
DA:90,1
DA:93,1
DA:95,1
DA:98,1
DA:116,3
DA:118,1
DA:119,1
LF:7
LH:7
end_of_record
