        -:    0:Source:/home/odin/workspace/WorkCICD/test/OrionTests.cpp
        -:    0:Graph:/home/odin/workspace/WorkCICD/build/codeCoverage/test/CMakeFiles/CodeCoverage.dir/OrionTests.cpp.gcno
        -:    0:Data:/home/odin/workspace/WorkCICD/build/codeCoverage/test/CMakeFiles/CodeCoverage.dir/OrionTests.cpp.gcda
        -:    0:Runs:1
        -:    1:/***********************************************************************
        -:    2: * Contents : Contains the main function executed automatically by
        -:    3: *            CppUTest.
        -:    4: *
        -:    5: * Author   : Dawid Blom.
        -:    6: *
        -:    7: * Date     : 13/09/2022
        -:    8: *
        -:    9: * NOTE     : This file is exclusively to be used by CppUTest since it
        -:   10: *            will automatically execute it.
        -:   11: ***********************************************************************/
        -:   12:
        -:   13:#include "CppUTest/CommandLineTestRunner.h"
        -:   14:
        -:   15:
        -:   16:
        -:   17:
        -:   18:
        -:   19:
        -:   20:
        -:   21:
        1:   22:int main(int argc, char **argv)
        -:   23:{
        1:   24:    return CommandLineTestRunner::RunAllTests(argc, argv);
        -:   25:}
