        -:    0:Source:/home/odin/workspace/WorkCICD/test/tests/template_test.cpp
        -:    0:Graph:/home/odin/workspace/WorkCICD/build/codeCoverage/test/CMakeFiles/CodeCoverage.dir/tests/template_test.cpp.gcno
        -:    0:Data:/home/odin/workspace/WorkCICD/build/codeCoverage/test/CMakeFiles/CodeCoverage.dir/tests/template_test.cpp.gcda
        -:    0:Runs:1
        -:    1:/***********************************************************************
        -:    2: * Contents : Contains the template/example of how to write tests with
        -:    3: *            CppUTest.
        -:    4: *
        -:    5: * Author   : Dawid Blom.
        -:    6: *
        -:    7: * Date     : 13/09/2022
        -:    8: *
        -:    9: * NOTE     : This file should be used as a template on how to write
        -:   10: *            starter code for CppUTest and how to place includes to
        -:   11: *            prevent issues regarding the operator new oveloaded 
        -:   12: *            version of CppUTest and the STL library from C++
        -:   13: ***********************************************************************/
        -:   14:
        -:   15:
        -:   16:
        -:   17:/*************************************
        -:   18: * INCLUDE STL LIBRARY INCLUDES HERE
        -:   19: *
        -:   20: * EXAMPLE BELOW
        -:   21: *************************************/
        -:   22://#include <array>
        -:   23:
        -:   24:
        -:   25:
        -:   26:
        -:   27:
        -:   28:
        -:   29:/*************************************
        -:   30: * INCLUDE CPPUTEST HEADER FILES HERE
        -:   31: *
        -:   32: * EXAMPLE BELOW
        -:   33: *************************************/
        -:   34:#include "CppUTest/TestHarness.h"
        -:   35:
        -:   36:#include "CppUTestExt/MockSupport.h"
        -:   37:
        -:   38:#include "CppUTestExt/MockSupport_c.h"
        -:   39:
        -:   40:
        -:   41:
        -:   42:
        -:   43:
        -:   44:
        -:   45:/*************************************
        -:   46: * INCLUDE SELF DEFINEDHEADER FILES 
        -:   47: * HERE, IF THEY DO NOT CONTAIN ANY
        -:   48: * STL LIBRARY INCLUDES
        -:   49: *
        -:   50: * EXAMPLE BELOW
        -:   51: *************************************/
        -:   52://#include "exmpale_include.hpp"
        -:   53:
        -:   54:
        -:   55:
        -:   56:
        -:   57:
        -:   58:
        -:   59:/*************************************
        -:   60: * INCLUDE C HEADER FILES HERE
        -:   61: *
        -:   62: * EXAMPLE BELOW
        -:   63: *
        -:   64: *
        -:   65: * extern "C" 
        -:   66: * {
        -:   67: *    #include "example_include.h";
        -:   68: * }
        -:   69: * ***********************************/
        -:   70:
        -:   71:
        -:   72:
        -:   73:
        -:   74:
        -:   75:
        -:   76:
        -:   77:
        -:   78:
        -:   79:
        -:   80:
        -:   81:/*************************************
        -:   82: * CREATING THE TEST GROUP, WHICH IS 
        -:   83: * THE STARTING POINT OF THE TEST
        -:   84: *
        -:   85: * EXAMPLE BELOW
        -:   86: *************************************/
        -:   87:
        -:   88:TEST_GROUP(example_test)
        -:   89:{
        1:   90:    void setup()
        -:   91:    {
        -:   92:        // Initialization code go here. 
        1:   93:    }
        -:   94:
        1:   95:    void teardown()
        -:   96:    {
        -:   97:        // Uninitialization code go here.
        1:   98:    }
        -:   99:};
        -:  100:
        -:  101:
        -:  102:
        -:  103:
        -:  104:/*******************************************************
        -:  105: * DESCRIPTION OF A TEST 
        -:  106: *
        -:  107: * TEST(TEST_GROUP_DEFINED_ABOVE, TEST_DESCRIPTION/NAME)
        -:  108: * {
        -:  109: *      TEST_CODE GO HERE
        -:  110: * }
        -:  111: *******************************************************/
        -:  112:
        -:  113:
        -:  114:
        -:  115:
        3:  116:TEST(example_test, example_fail)
        -:  117:{ 
        1:  118:    CHECK_EQUAL(1, 1);
        1:  119:}
------------------
_ZN35TEST_example_test_example_fail_Test8testBodyEv:
        1:  116:TEST(example_test, example_fail)
        -:  117:{ 
        1:  118:    CHECK_EQUAL(1, 1);
        1:  119:}
------------------
_ZN40TEST_example_test_example_fail_TestShell10createTestEv:
        1:  116:TEST(example_test, example_fail)
------------------
_ZN35TEST_example_test_example_fail_TestC2Ev:
        1:  116:TEST(example_test, example_fail)
------------------
        -:  120:
